[LOG] System::create                           : Header version = 2.00.08. Current version = 2.00.08.
[LOG] Manager::init                            : maxchannels = 256 studioflags = 00000006 flags 00000000 extradriverdata 0000000000000000.
[LOG] SystemI::init                            : Initialize version=20008 (108014), maxchannels=256, flags=0x00020000
[LOG] SystemI::setOutputInternal               : Setting output to 'FMOD WASAPI Output'
[LOG] OutputWASAPI::init                       : Mix Format (WAVEFORMATEX): wFormatTag=0xFFFE, nChannels=2, nSamplesPerSec=48000, nAvgBytesPerSec=384000, nBlockAlign=8, wBitsPerSample=32, cbSize=22.
[LOG] OutputWASAPI::init                       : Mix Format (WAVEFORMATEXTENSIBLE): wValidBitsPerSample=32, dwChannelMask=0x00000003, SubFormat=00000003-0000-0010-8000-00AA00389B71.
[LOG] OutputWASAPI::init                       : Output buffer size: 4096 samples, latency: 0.00ms, period: 10.00ms, DSP buffer: 1024 * 4
[LOG] Thread::initThread                       : Init FMOD stream thread. Priority: 2, Stack Size: 98304, Semaphore: No, Sleep Time: 10, Looping: Yes.
[LOG] Thread::initThread                       : Init FMOD mixer thread. Priority: 3, Stack Size: 81920, Semaphore: No, Sleep Time: 0, Looping: Yes.
[LOG] AsyncManager::init                       : manager 000001DB0518B378 isAsync 0 updatePeriod 0.02
[LOG] AsyncManager::init                       : done
[LOG] PlaybackSystem::init                     : 
[LOG] Thread::initThread                       : Init FMOD Studio sample load thread. Priority: 0, Stack Size: 98304, Semaphore: No, Sleep Time: 1, Looping: No.
[LOG] PlaybackSystem::init                     : done
[LOG] Thread::initThread                       : Init FMOD Studio bank load thread. Priority: 0, Stack Size: 98304, Semaphore: No, Sleep Time: 1, Looping: No.
[LOG] Manager::init                            : done.
[LOG] Manager::readBank                        : fileversion = 123, compatVersion = 119 (oldest = 44, newest = 125)
[LOG] PlaybackSystem::acquireMasterBus         : Setting master channel group format to 6
[LOG] SystemI::createSoundInternal             : Create name='', mode=0x02000202
[LOG] SystemI::createSoundInternal             : exinfo->cbsize             = 224
[LOG] SystemI::createSoundInternal             : exinfo->length             = 1809600
[LOG] SystemI::createSoundInternal             : exinfo->fileoffset         = 51136
[LOG] SystemI::createSoundInternal             : exinfo->numsubsounds       = 1
[LOG] SystemI::createSoundInternal             : exinfo->inclusionlist      = 00000010136EEE2C
[LOG] SystemI::createSoundInternal             : exinfo->inclusionlistnum   = 1
[LOG] SystemI::createSoundInternal             : exinfo->suggestedsoundtype = 5
[LOG] SystemI::createSoundInternal             : exinfo->useropen           = 00007FFD2966C320
[LOG] SystemI::createSoundInternal             : exinfo->userclose          = 00007FFD2966C2F0
[LOG] SystemI::createSoundInternal             : exinfo->userread           = 00007FFD2966C3F0
[LOG] SystemI::createSoundInternal             : exinfo->userseek           = 00007FFD2966C4B0
[LOG] SystemI::createSoundInternal             : exinfo->fileuserdata       = 000001DBC6B54A68
[LOG] SystemI::createSoundInternal             : exinfo->initialseekpostype = 1
[LOG] SystemI::DSPCodecPoolRegister            : register codec pool for pool type 5
[LOG] SystemI::createSoundInternal             : Sample 0/1: name='footsteps-grass-004', format=2, channels=2, frequency=48000, lengthbytes=5312, lengthpcm=26332, pcmblocksize=0, loopstart=0, loopend=0, mode=0x00000000, channelmask=0x00000000, channelorder=0, peakvolume=0.036470.
[LOG] SystemI::createSoundInternal             : Create name='', mode=0x02000202
[LOG] SystemI::createSoundInternal             : exinfo->cbsize             = 224
[LOG] SystemI::createSoundInternal             : exinfo->length             = 1809600
[LOG] SystemI::createSoundInternal             : exinfo->fileoffset         = 51136
[LOG] SystemI::createSoundInternal             : exinfo->numsubsounds       = 1
[LOG] SystemI::createSoundInternal             : exinfo->inclusionlist      = 00000010136EEE2C
[LOG] SystemI::createSoundInternal             : exinfo->inclusionlistnum   = 1
[LOG] SystemI::createSoundInternal             : exinfo->suggestedsoundtype = 5
[LOG] SystemI::createSoundInternal             : exinfo->useropen           = 00007FFD2966C320
[LOG] SystemI::createSoundInternal             : exinfo->userclose          = 00007FFD2966C2F0
[LOG] SystemI::createSoundInternal             : exinfo->userread           = 00007FFD2966C3F0
[LOG] SystemI::createSoundInternal             : exinfo->userseek           = 00007FFD2966C4B0
[LOG] SystemI::createSoundInternal             : exinfo->fileuserdata       = 000001DBC6B54A68
[LOG] SystemI::createSoundInternal             : exinfo->initialseekpostype = 1
[LOG] SystemI::DSPCodecPoolRegister            : register codec pool for pool type 5
[LOG] SystemI::createSoundInternal             : Sample 0/1: name='footsteps-grass-001', format=2, channels=2, frequency=48000, lengthbytes=4640, lengthpcm=22390, pcmblocksize=0, loopstart=0, loopend=0, mode=0x00000000, channelmask=0x00000000, channelorder=0, peakvolume=0.042080.
[LOG] SystemI::createSoundInternal             : Create name='', mode=0x02000202
[LOG] SystemI::createSoundInternal             : exinfo->cbsize             = 224
[LOG] SystemI::createSoundInternal             : exinfo->length             = 1809600
[LOG] SystemI::createSoundInternal             : exinfo->fileoffset         = 51136
[LOG] SystemI::createSoundInternal             : exinfo->numsubsounds       = 1
[LOG] SystemI::createSoundInternal             : exinfo->inclusionlist      = 00000010136EEE2C
[LOG] SystemI::createSoundInternal             : exinfo->inclusionlistnum   = 1
[LOG] SystemI::createSoundInternal             : exinfo->suggestedsoundtype = 5
[LOG] SystemI::createSoundInternal             : exinfo->useropen           = 00007FFD2966C320
[LOG] SystemI::createSoundInternal             : exinfo->userclose          = 00007FFD2966C2F0
[LOG] SystemI::createSoundInternal             : exinfo->userread           = 00007FFD2966C3F0
[LOG] SystemI::createSoundInternal             : exinfo->userseek           = 00007FFD2966C4B0
[LOG] SystemI::createSoundInternal             : exinfo->fileuserdata       = 000001DBC6B54A68
[LOG] SystemI::createSoundInternal             : exinfo->initialseekpostype = 1
[LOG] SystemI::DSPCodecPoolRegister            : register codec pool for pool type 5
[LOG] SystemI::createSoundInternal             : Sample 0/1: name='footsteps-grass-003', format=2, channels=2, frequency=48000, lengthbytes=5376, lengthpcm=24928, pcmblocksize=0, loopstart=0, loopend=0, mode=0x00000000, channelmask=0x00000000, channelorder=0, peakvolume=0.052609.
[LOG] SystemI::createSoundInternal             : Create name='', mode=0x02000202
[LOG] SystemI::createSoundInternal             : exinfo->cbsize             = 224
[LOG] SystemI::createSoundInternal             : exinfo->length             = 1809600
[LOG] SystemI::createSoundInternal             : exinfo->fileoffset         = 51136
[LOG] SystemI::createSoundInternal             : exinfo->numsubsounds       = 1
[LOG] SystemI::createSoundInternal             : exinfo->inclusionlist      = 00000010136EEE2C
[LOG] SystemI::createSoundInternal             : exinfo->inclusionlistnum   = 1
[LOG] SystemI::createSoundInternal             : exinfo->suggestedsoundtype = 5
[LOG] SystemI::createSoundInternal             : exinfo->useropen           = 00007FFD2966C320
[LOG] SystemI::createSoundInternal             : exinfo->userclose          = 00007FFD2966C2F0
[LOG] SystemI::createSoundInternal             : exinfo->userread           = 00007FFD2966C3F0
[LOG] SystemI::createSoundInternal             : exinfo->userseek           = 00007FFD2966C4B0
[LOG] SystemI::createSoundInternal             : exinfo->fileuserdata       = 000001DBC6B54A68
[LOG] SystemI::createSoundInternal             : exinfo->initialseekpostype = 1
[LOG] SystemI::DSPCodecPoolRegister            : register codec pool for pool type 5
[LOG] SystemI::createSoundInternal             : Sample 0/1: name='footsteps-grass-002', format=2, channels=2, frequency=48000, lengthbytes=4864, lengthpcm=23349, pcmblocksize=0, loopstart=0, loopend=0, mode=0x00000000, channelmask=0x00000000, channelorder=0, peakvolume=0.040438.
[LOG] SoundI::release                          :  (000001DBB8441DE8)
[LOG] SoundI::release                          :     footsteps-grass-001 (000001DBA3EA9CA8)
[LOG] SoundI::release                          :  (000001DBB6EF1858)
[LOG] SoundI::release                          :     footsteps-grass-002 (000001DBA3EAAB48)
[LOG] SoundI::release                          :  (000001DBB84410F8)
[LOG] SoundI::release                          :     footsteps-grass-003 (000001DBA3EAB028)
[LOG] SoundI::release                          :  (000001DBB8441C78)
[LOG] SoundI::release                          :     footsteps-grass-004 (000001DBA3EAB368)
[LOG] Manager::readBank                        : fileversion = 123, compatVersion = 119 (oldest = 44, newest = 125)
[LOG] PlaybackSystem::acquireMasterBus         : Setting master channel group format to 6
[LOG] SystemI::createSoundInternal             : Create name='', mode=0x02000202
[LOG] SystemI::createSoundInternal             : exinfo->cbsize             = 224
[LOG] SystemI::createSoundInternal             : exinfo->length             = 1809600
[LOG] SystemI::createSoundInternal             : exinfo->fileoffset         = 51136
[LOG] SystemI::createSoundInternal             : exinfo->numsubsounds       = 1
[LOG] SystemI::createSoundInternal             : exinfo->inclusionlist      = 00000010136EEE2C
[LOG] SystemI::createSoundInternal             : exinfo->inclusionlistnum   = 1
[LOG] SystemI::createSoundInternal             : exinfo->suggestedsoundtype = 5
[LOG] SystemI::createSoundInternal             : exinfo->useropen           = 00007FFD2966C320
[LOG] SystemI::createSoundInternal             : exinfo->userclose          = 00007FFD2966C2F0
[LOG] SystemI::createSoundInternal             : exinfo->userread           = 00007FFD2966C3F0
[LOG] SystemI::createSoundInternal             : exinfo->userseek           = 00007FFD2966C4B0
[LOG] SystemI::createSoundInternal             : exinfo->fileuserdata       = 000001DBC6B3DB48
[LOG] SystemI::createSoundInternal             : exinfo->initialseekpostype = 1
[LOG] SystemI::DSPCodecPoolRegister            : register codec pool for pool type 5
[LOG] SystemI::createSoundInternal             : Sample 0/1: name='footsteps-grass-004', format=2, channels=2, frequency=48000, lengthbytes=5312, lengthpcm=26332, pcmblocksize=0, loopstart=0, loopend=0, mode=0x00000000, channelmask=0x00000000, channelorder=0, peakvolume=0.036470.
[LOG] SystemI::createSoundInternal             : Create name='', mode=0x02000202
[LOG] SystemI::createSoundInternal             : exinfo->cbsize             = 224
[LOG] SystemI::createSoundInternal             : exinfo->length             = 1809600
[LOG] SystemI::createSoundInternal             : exinfo->fileoffset         = 51136
[LOG] SystemI::createSoundInternal             : exinfo->numsubsounds       = 1
[LOG] SystemI::createSoundInternal             : exinfo->inclusionlist      = 00000010136EEE2C
[LOG] SystemI::createSoundInternal             : exinfo->inclusionlistnum   = 1
[LOG] SystemI::createSoundInternal             : exinfo->suggestedsoundtype = 5
[LOG] SystemI::createSoundInternal             : exinfo->useropen           = 00007FFD2966C320
[LOG] SystemI::createSoundInternal             : exinfo->userclose          = 00007FFD2966C2F0
[LOG] SystemI::createSoundInternal             : exinfo->userread           = 00007FFD2966C3F0
[LOG] SystemI::createSoundInternal             : exinfo->userseek           = 00007FFD2966C4B0
[LOG] SystemI::createSoundInternal             : exinfo->fileuserdata       = 000001DBC6B3DB48
[LOG] SystemI::createSoundInternal             : exinfo->initialseekpostype = 1
[LOG] SystemI::DSPCodecPoolRegister            : register codec pool for pool type 5
[LOG] SystemI::createSoundInternal             : Sample 0/1: name='footsteps-grass-001', format=2, channels=2, frequency=48000, lengthbytes=4640, lengthpcm=22390, pcmblocksize=0, loopstart=0, loopend=0, mode=0x00000000, channelmask=0x00000000, channelorder=0, peakvolume=0.042080.
[LOG] SystemI::createSoundInternal             : Create name='', mode=0x02000202
[LOG] SystemI::createSoundInternal             : exinfo->cbsize             = 224
[LOG] SystemI::createSoundInternal             : exinfo->length             = 1809600
[LOG] SystemI::createSoundInternal             : exinfo->fileoffset         = 51136
[LOG] SystemI::createSoundInternal             : exinfo->numsubsounds       = 1
[LOG] SystemI::createSoundInternal             : exinfo->inclusionlist      = 00000010136EEE2C
[LOG] SystemI::createSoundInternal             : exinfo->inclusionlistnum   = 1
[LOG] SystemI::createSoundInternal             : exinfo->suggestedsoundtype = 5
[LOG] SystemI::createSoundInternal             : exinfo->useropen           = 00007FFD2966C320
[LOG] SystemI::createSoundInternal             : exinfo->userclose          = 00007FFD2966C2F0
[LOG] SystemI::createSoundInternal             : exinfo->userread           = 00007FFD2966C3F0
[LOG] SystemI::createSoundInternal             : exinfo->userseek           = 00007FFD2966C4B0
[LOG] SystemI::createSoundInternal             : exinfo->fileuserdata       = 000001DBC6B3DB48
[LOG] SystemI::createSoundInternal             : exinfo->initialseekpostype = 1
[LOG] SystemI::DSPCodecPoolRegister            : register codec pool for pool type 5
[LOG] SystemI::createSoundInternal             : Sample 0/1: name='footsteps-grass-003', format=2, channels=2, frequency=48000, lengthbytes=5376, lengthpcm=24928, pcmblocksize=0, loopstart=0, loopend=0, mode=0x00000000, channelmask=0x00000000, channelorder=0, peakvolume=0.052609.
[LOG] SystemI::createSoundInternal             : Create name='', mode=0x02000202
[LOG] SystemI::createSoundInternal             : exinfo->cbsize             = 224
[LOG] SystemI::createSoundInternal             : exinfo->length             = 1809600
[LOG] SystemI::createSoundInternal             : exinfo->fileoffset         = 51136
[LOG] SystemI::createSoundInternal             : exinfo->numsubsounds       = 1
[LOG] SystemI::createSoundInternal             : exinfo->inclusionlist      = 00000010136EEE2C
[LOG] SystemI::createSoundInternal             : exinfo->inclusionlistnum   = 1
[LOG] SystemI::createSoundInternal             : exinfo->suggestedsoundtype = 5
[LOG] SystemI::createSoundInternal             : exinfo->useropen           = 00007FFD2966C320
[LOG] SystemI::createSoundInternal             : exinfo->userclose          = 00007FFD2966C2F0
[LOG] SystemI::createSoundInternal             : exinfo->userread           = 00007FFD2966C3F0
[LOG] SystemI::createSoundInternal             : exinfo->userseek           = 00007FFD2966C4B0
[LOG] SystemI::createSoundInternal             : exinfo->fileuserdata       = 000001DBC6B3DB48
[LOG] SystemI::createSoundInternal             : exinfo->initialseekpostype = 1
[LOG] SystemI::DSPCodecPoolRegister            : register codec pool for pool type 5
[LOG] SystemI::createSoundInternal             : Sample 0/1: name='footsteps-grass-002', format=2, channels=2, frequency=48000, lengthbytes=4864, lengthpcm=23349, pcmblocksize=0, loopstart=0, loopend=0, mode=0x00000000, channelmask=0x00000000, channelorder=0, peakvolume=0.040438.
[LOG] SoundI::release                          :  (000001DBB6EF1858)
[LOG] SoundI::release                          :     footsteps-grass-001 (000001DBA3EAB028)
[LOG] SoundI::release                          :  (000001DBB6EF1E18)
[LOG] SoundI::release                          :     footsteps-grass-002 (000001DBA3EAAB48)
[LOG] SoundI::release                          :  (000001DBB6EF19C8)
[LOG] SoundI::release                          :     footsteps-grass-003 (000001DBA3EAB368)
[LOG] SoundI::release                          :  (000001DBB6EF1B38)
[LOG] SoundI::release                          :     footsteps-grass-004 (000001DBA3EAB1C8)
[LOG] Manager::readBank                        : fileversion = 123, compatVersion = 119 (oldest = 44, newest = 125)
[LOG] PlaybackSystem::acquireMasterBus         : Setting master channel group format to 6
[LOG] SystemI::createSoundInternal             : Create name='', mode=0x02000202
[LOG] SystemI::createSoundInternal             : exinfo->cbsize             = 224
[LOG] SystemI::createSoundInternal             : exinfo->length             = 1809600
[LOG] SystemI::createSoundInternal             : exinfo->fileoffset         = 51136
[LOG] SystemI::createSoundInternal             : exinfo->numsubsounds       = 1
[LOG] SystemI::createSoundInternal             : exinfo->inclusionlist      = 00000010136EEE2C
[LOG] SystemI::createSoundInternal             : exinfo->inclusionlistnum   = 1
[LOG] SystemI::createSoundInternal             : exinfo->suggestedsoundtype = 5
[LOG] SystemI::createSoundInternal             : exinfo->useropen           = 00007FFD2966C320
[LOG] SystemI::createSoundInternal             : exinfo->userclose          = 00007FFD2966C2F0
[LOG] SystemI::createSoundInternal             : exinfo->userread           = 00007FFD2966C3F0
[LOG] SystemI::createSoundInternal             : exinfo->userseek           = 00007FFD2966C4B0
[LOG] SystemI::createSoundInternal             : exinfo->fileuserdata       = 000001DBC6B38CE8
[LOG] SystemI::createSoundInternal             : exinfo->initialseekpostype = 1
[LOG] SystemI::DSPCodecPoolRegister            : register codec pool for pool type 5
[LOG] SystemI::createSoundInternal             : Sample 0/1: name='footsteps-grass-004', format=2, channels=2, frequency=48000, lengthbytes=5312, lengthpcm=26332, pcmblocksize=0, loopstart=0, loopend=0, mode=0x00000000, channelmask=0x00000000, channelorder=0, peakvolume=0.036470.
[LOG] SystemI::createSoundInternal             : Create name='', mode=0x02000202
[LOG] SystemI::createSoundInternal             : exinfo->cbsize             = 224
[LOG] SystemI::createSoundInternal             : exinfo->length             = 1809600
[LOG] SystemI::createSoundInternal             : exinfo->fileoffset         = 51136
[LOG] SystemI::createSoundInternal             : exinfo->numsubsounds       = 1
[LOG] SystemI::createSoundInternal             : exinfo->inclusionlist      = 00000010136EEE2C
[LOG] SystemI::createSoundInternal             : exinfo->inclusionlistnum   = 1
[LOG] SystemI::createSoundInternal             : exinfo->suggestedsoundtype = 5
[LOG] SystemI::createSoundInternal             : exinfo->useropen           = 00007FFD2966C320
[LOG] SystemI::createSoundInternal             : exinfo->userclose          = 00007FFD2966C2F0
[LOG] SystemI::createSoundInternal             : exinfo->userread           = 00007FFD2966C3F0
[LOG] SystemI::createSoundInternal             : exinfo->userseek           = 00007FFD2966C4B0
[LOG] SystemI::createSoundInternal             : exinfo->fileuserdata       = 000001DBC6B38CE8
[LOG] SystemI::createSoundInternal             : exinfo->initialseekpostype = 1
[LOG] SystemI::DSPCodecPoolRegister            : register codec pool for pool type 5
[LOG] SystemI::createSoundInternal             : Sample 0/1: name='footsteps-grass-001', format=2, channels=2, frequency=48000, lengthbytes=4640, lengthpcm=22390, pcmblocksize=0, loopstart=0, loopend=0, mode=0x00000000, channelmask=0x00000000, channelorder=0, peakvolume=0.042080.
[LOG] SystemI::createSoundInternal             : Create name='', mode=0x02000202
[LOG] SystemI::createSoundInternal             : exinfo->cbsize             = 224
[LOG] SystemI::createSoundInternal             : exinfo->length             = 1809600
[LOG] SystemI::createSoundInternal             : exinfo->fileoffset         = 51136
[LOG] SystemI::createSoundInternal             : exinfo->numsubsounds       = 1
[LOG] SystemI::createSoundInternal             : exinfo->inclusionlist      = 00000010136EEE2C
[LOG] SystemI::createSoundInternal             : exinfo->inclusionlistnum   = 1
[LOG] SystemI::createSoundInternal             : exinfo->suggestedsoundtype = 5
[LOG] SystemI::createSoundInternal             : exinfo->useropen           = 00007FFD2966C320
[LOG] SystemI::createSoundInternal             : exinfo->userclose          = 00007FFD2966C2F0
[LOG] SystemI::createSoundInternal             : exinfo->userread           = 00007FFD2966C3F0
[LOG] SystemI::createSoundInternal             : exinfo->userseek           = 00007FFD2966C4B0
[LOG] SystemI::createSoundInternal             : exinfo->fileuserdata       = 000001DBC6B38CE8
[LOG] SystemI::createSoundInternal             : exinfo->initialseekpostype = 1
[LOG] SystemI::DSPCodecPoolRegister            : register codec pool for pool type 5
[LOG] SystemI::createSoundInternal             : Sample 0/1: name='footsteps-grass-003', format=2, channels=2, frequency=48000, lengthbytes=5376, lengthpcm=24928, pcmblocksize=0, loopstart=0, loopend=0, mode=0x00000000, channelmask=0x00000000, channelorder=0, peakvolume=0.052609.
[LOG] SystemI::createSoundInternal             : Create name='', mode=0x02000202
[LOG] SystemI::createSoundInternal             : exinfo->cbsize             = 224
[LOG] SystemI::createSoundInternal             : exinfo->length             = 1809600
[LOG] SystemI::createSoundInternal             : exinfo->fileoffset         = 51136
[LOG] SystemI::createSoundInternal             : exinfo->numsubsounds       = 1
[LOG] SystemI::createSoundInternal             : exinfo->inclusionlist      = 00000010136EEE2C
[LOG] SystemI::createSoundInternal             : exinfo->inclusionlistnum   = 1
[LOG] SystemI::createSoundInternal             : exinfo->suggestedsoundtype = 5
[LOG] SystemI::createSoundInternal             : exinfo->useropen           = 00007FFD2966C320
[LOG] SystemI::createSoundInternal             : exinfo->userclose          = 00007FFD2966C2F0
[LOG] SystemI::createSoundInternal             : exinfo->userread           = 00007FFD2966C3F0
[LOG] SystemI::createSoundInternal             : exinfo->userseek           = 00007FFD2966C4B0
[LOG] SystemI::createSoundInternal             : exinfo->fileuserdata       = 000001DBC6B38CE8
[LOG] SystemI::createSoundInternal             : exinfo->initialseekpostype = 1
[LOG] SystemI::DSPCodecPoolRegister            : register codec pool for pool type 5
[LOG] SystemI::createSoundInternal             : Sample 0/1: name='footsteps-grass-002', format=2, channels=2, frequency=48000, lengthbytes=4864, lengthpcm=23349, pcmblocksize=0, loopstart=0, loopend=0, mode=0x00000000, channelmask=0x00000000, channelorder=0, peakvolume=0.040438.
[LOG] SoundI::release                          :  (000001DBB6EF1B38)
[LOG] SoundI::release                          :     footsteps-grass-001 (000001DBA3EAB1C8)
[LOG] SoundI::release                          :  (000001DBB6EF19C8)
[LOG] SoundI::release                          :     footsteps-grass-002 (000001DBA3EAACE8)
[LOG] SoundI::release                          :  (000001DBB6EF1CA8)
[LOG] SoundI::release                          :     footsteps-grass-003 (000001DBA3EAAB48)
[LOG] SoundI::release                          :  (000001DBB6EF1408)
[LOG] SoundI::release                          :     footsteps-grass-004 (000001DBA3EAB028)
[LOG] Manager::readBank                        : fileversion = 123, compatVersion = 119 (oldest = 44, newest = 125)
[LOG] PlaybackSystem::acquireMasterBus         : Setting master channel group format to 6
[LOG] SystemI::createSoundInternal             : Create name='', mode=0x02000202
[LOG] SystemI::createSoundInternal             : exinfo->cbsize             = 224
[LOG] SystemI::createSoundInternal             : exinfo->length             = 1809600
[LOG] SystemI::createSoundInternal             : exinfo->fileoffset         = 51136
[LOG] SystemI::createSoundInternal             : exinfo->numsubsounds       = 1
[LOG] SystemI::createSoundInternal             : exinfo->inclusionlist      = 00000010136EEE2C
[LOG] SystemI::createSoundInternal             : exinfo->inclusionlistnum   = 1
[LOG] SystemI::createSoundInternal             : exinfo->suggestedsoundtype = 5
[LOG] SystemI::createSoundInternal             : exinfo->useropen           = 00007FFD2966C320
[LOG] SystemI::createSoundInternal             : exinfo->userclose          = 00007FFD2966C2F0
[LOG] SystemI::createSoundInternal             : exinfo->userread           = 00007FFD2966C3F0
[LOG] SystemI::createSoundInternal             : exinfo->userseek           = 00007FFD2966C4B0
[LOG] SystemI::createSoundInternal             : exinfo->fileuserdata       = 000001DBEE99C4F8
[LOG] SystemI::createSoundInternal             : exinfo->initialseekpostype = 1
[LOG] SystemI::DSPCodecPoolRegister            : register codec pool for pool type 5
[LOG] SystemI::createSoundInternal             : Sample 0/1: name='rattling-bones', format=2, channels=2, frequency=48000, lengthbytes=68672, lengthpcm=227111, pcmblocksize=0, loopstart=0, loopend=0, mode=0x00000000, channelmask=0x00000000, channelorder=0, peakvolume=0.266140.
[LOG] SoundI::release                          :  (000001DBC75E6CE8)
[LOG] SoundI::release                          :     rattling-bones (000001DBD5621DB8)
[LOG] Manager::readBank                        : fileversion = 123, compatVersion = 119 (oldest = 44, newest = 125)
[LOG] PlaybackSystem::acquireMasterBus         : Setting master channel group format to 6
[LOG] SystemI::createSoundInternal             : Create name='', mode=0x02000202
[LOG] SystemI::createSoundInternal             : exinfo->cbsize             = 224
[LOG] SystemI::createSoundInternal             : exinfo->length             = 1809600
[LOG] SystemI::createSoundInternal             : exinfo->fileoffset         = 51136
[LOG] SystemI::createSoundInternal             : exinfo->numsubsounds       = 1
[LOG] SystemI::createSoundInternal             : exinfo->inclusionlist      = 00000010136EEE2C
[LOG] SystemI::createSoundInternal             : exinfo->inclusionlistnum   = 1
[LOG] SystemI::createSoundInternal             : exinfo->suggestedsoundtype = 5
[LOG] SystemI::createSoundInternal             : exinfo->useropen           = 00007FFD2966C320
[LOG] SystemI::createSoundInternal             : exinfo->userclose          = 00007FFD2966C2F0
[LOG] SystemI::createSoundInternal             : exinfo->userread           = 00007FFD2966C3F0
[LOG] SystemI::createSoundInternal             : exinfo->userseek           = 00007FFD2966C4B0
[LOG] SystemI::createSoundInternal             : exinfo->fileuserdata       = 000001DBEE999588
[LOG] SystemI::createSoundInternal             : exinfo->initialseekpostype = 1
[LOG] SystemI::DSPCodecPoolRegister            : register codec pool for pool type 5
[LOG] SystemI::createSoundInternal             : Sample 0/1: name='footsteps-grass-004', format=2, channels=2, frequency=48000, lengthbytes=5312, lengthpcm=26332, pcmblocksize=0, loopstart=0, loopend=0, mode=0x00000000, channelmask=0x00000000, channelorder=0, peakvolume=0.036470.
[LOG] SystemI::createSoundInternal             : Create name='', mode=0x02000202
[LOG] SystemI::createSoundInternal             : exinfo->cbsize             = 224
[LOG] SystemI::createSoundInternal             : exinfo->length             = 1809600
[LOG] SystemI::createSoundInternal             : exinfo->fileoffset         = 51136
[LOG] SystemI::createSoundInternal             : exinfo->numsubsounds       = 1
[LOG] SystemI::createSoundInternal             : exinfo->inclusionlist      = 00000010136EEE2C
[LOG] SystemI::createSoundInternal             : exinfo->inclusionlistnum   = 1
[LOG] SystemI::createSoundInternal             : exinfo->suggestedsoundtype = 5
[LOG] SystemI::createSoundInternal             : exinfo->useropen           = 00007FFD2966C320
[LOG] SystemI::createSoundInternal             : exinfo->userclose          = 00007FFD2966C2F0
[LOG] SystemI::createSoundInternal             : exinfo->userread           = 00007FFD2966C3F0
[LOG] SystemI::createSoundInternal             : exinfo->userseek           = 00007FFD2966C4B0
[LOG] SystemI::createSoundInternal             : exinfo->fileuserdata       = 000001DBEE999588
[LOG] SystemI::createSoundInternal             : exinfo->initialseekpostype = 1
[LOG] SystemI::DSPCodecPoolRegister            : register codec pool for pool type 5
[LOG] SystemI::createSoundInternal             : Sample 0/1: name='footsteps-grass-001', format=2, channels=2, frequency=48000, lengthbytes=4640, lengthpcm=22390, pcmblocksize=0, loopstart=0, loopend=0, mode=0x00000000, channelmask=0x00000000, channelorder=0, peakvolume=0.042080.
[LOG] SystemI::createSoundInternal             : Create name='', mode=0x02000202
[LOG] SystemI::createSoundInternal             : exinfo->cbsize             = 224
[LOG] SystemI::createSoundInternal             : exinfo->length             = 1809600
[LOG] SystemI::createSoundInternal             : exinfo->fileoffset         = 51136
[LOG] SystemI::createSoundInternal             : exinfo->numsubsounds       = 1
[LOG] SystemI::createSoundInternal             : exinfo->inclusionlist      = 00000010136EEE2C
[LOG] SystemI::createSoundInternal             : exinfo->inclusionlistnum   = 1
[LOG] SystemI::createSoundInternal             : exinfo->suggestedsoundtype = 5
[LOG] SystemI::createSoundInternal             : exinfo->useropen           = 00007FFD2966C320
[LOG] SystemI::createSoundInternal             : exinfo->userclose          = 00007FFD2966C2F0
[LOG] SystemI::createSoundInternal             : exinfo->userread           = 00007FFD2966C3F0
[LOG] SystemI::createSoundInternal             : exinfo->userseek           = 00007FFD2966C4B0
[LOG] SystemI::createSoundInternal             : exinfo->fileuserdata       = 000001DBEE999588
[LOG] SystemI::createSoundInternal             : exinfo->initialseekpostype = 1
[LOG] SystemI::DSPCodecPoolRegister            : register codec pool for pool type 5
[LOG] SystemI::createSoundInternal             : Sample 0/1: name='footsteps-grass-003', format=2, channels=2, frequency=48000, lengthbytes=5376, lengthpcm=24928, pcmblocksize=0, loopstart=0, loopend=0, mode=0x00000000, channelmask=0x00000000, channelorder=0, peakvolume=0.052609.
[LOG] SystemI::createSoundInternal             : Create name='', mode=0x02000202
[LOG] SystemI::createSoundInternal             : exinfo->cbsize             = 224
[LOG] SystemI::createSoundInternal             : exinfo->length             = 1809600
[LOG] SystemI::createSoundInternal             : exinfo->fileoffset         = 51136
[LOG] SystemI::createSoundInternal             : exinfo->numsubsounds       = 1
[LOG] SystemI::createSoundInternal             : exinfo->inclusionlist      = 00000010136EEE2C
[LOG] SystemI::createSoundInternal             : exinfo->inclusionlistnum   = 1
[LOG] SystemI::createSoundInternal             : exinfo->suggestedsoundtype = 5
[LOG] SystemI::createSoundInternal             : exinfo->useropen           = 00007FFD2966C320
[LOG] SystemI::createSoundInternal             : exinfo->userclose          = 00007FFD2966C2F0
[LOG] SystemI::createSoundInternal             : exinfo->userread           = 00007FFD2966C3F0
[LOG] SystemI::createSoundInternal             : exinfo->userseek           = 00007FFD2966C4B0
[LOG] SystemI::createSoundInternal             : exinfo->fileuserdata       = 000001DBEE999588
[LOG] SystemI::createSoundInternal             : exinfo->initialseekpostype = 1
[LOG] SystemI::DSPCodecPoolRegister            : register codec pool for pool type 5
[LOG] SystemI::createSoundInternal             : Sample 0/1: name='footsteps-grass-002', format=2, channels=2, frequency=48000, lengthbytes=4864, lengthpcm=23349, pcmblocksize=0, loopstart=0, loopend=0, mode=0x00000000, channelmask=0x00000000, channelorder=0, peakvolume=0.040438.
[LOG] SoundI::release                          :  (000001DBC75E7138)
[LOG] SoundI::release                          :     footsteps-grass-001 (000001DBD5621598)
[LOG] SoundI::release                          :  (000001DBC75E6448)
[LOG] SoundI::release                          :     footsteps-grass-002 (000001DBD56206F8)
[LOG] SoundI::release                          :  (000001DBC75E6E58)
[LOG] SoundI::release                          :     footsteps-grass-003 (000001DBD5620F18)
[LOG] SoundI::release                          :  (000001DBC75E6CE8)
[LOG] SoundI::release                          :     footsteps-grass-004 (000001DBD5621258)
[LOG] Manager::readBank                        : fileversion = 123, compatVersion = 119 (oldest = 44, newest = 125)
[LOG] PlaybackSystem::acquireMasterBus         : Setting master channel group format to 6
[LOG] SystemI::createSoundInternal             : Create name='', mode=0x02000202
[LOG] SystemI::createSoundInternal             : exinfo->cbsize             = 224
[LOG] SystemI::createSoundInternal             : exinfo->length             = 1809600
[LOG] SystemI::createSoundInternal             : exinfo->fileoffset         = 51136
[LOG] SystemI::createSoundInternal             : exinfo->numsubsounds       = 1
[LOG] SystemI::createSoundInternal             : exinfo->inclusionlist      = 00000010136EEE2C
[LOG] SystemI::createSoundInternal             : exinfo->inclusionlistnum   = 1
[LOG] SystemI::createSoundInternal             : exinfo->suggestedsoundtype = 5
[LOG] SystemI::createSoundInternal             : exinfo->useropen           = 00007FFD2966C320
[LOG] SystemI::createSoundInternal             : exinfo->userclose          = 00007FFD2966C2F0
[LOG] SystemI::createSoundInternal             : exinfo->userread           = 00007FFD2966C3F0
[LOG] SystemI::createSoundInternal             : exinfo->userseek           = 00007FFD2966C4B0
[LOG] SystemI::createSoundInternal             : exinfo->fileuserdata       = 000001DBC6B54A68
[LOG] SystemI::createSoundInternal             : exinfo->initialseekpostype = 1
[LOG] SystemI::DSPCodecPoolRegister            : register codec pool for pool type 5
[LOG] SystemI::createSoundInternal             : Sample 0/1: name='footsteps-grass-004', format=2, channels=2, frequency=48000, lengthbytes=5312, lengthpcm=26332, pcmblocksize=0, loopstart=0, loopend=0, mode=0x00000000, channelmask=0x00000000, channelorder=0, peakvolume=0.036470.
[LOG] SystemI::createSoundInternal             : Create name='', mode=0x02000202
[LOG] SystemI::createSoundInternal             : exinfo->cbsize             = 224
[LOG] SystemI::createSoundInternal             : exinfo->length             = 1809600
[LOG] SystemI::createSoundInternal             : exinfo->fileoffset         = 51136
[LOG] SystemI::createSoundInternal             : exinfo->numsubsounds       = 1
[LOG] SystemI::createSoundInternal             : exinfo->inclusionlist      = 00000010136EEE2C
[LOG] SystemI::createSoundInternal             : exinfo->inclusionlistnum   = 1
[LOG] SystemI::createSoundInternal             : exinfo->suggestedsoundtype = 5
[LOG] SystemI::createSoundInternal             : exinfo->useropen           = 00007FFD2966C320
[LOG] SystemI::createSoundInternal             : exinfo->userclose          = 00007FFD2966C2F0
[LOG] SystemI::createSoundInternal             : exinfo->userread           = 00007FFD2966C3F0
[LOG] SystemI::createSoundInternal             : exinfo->userseek           = 00007FFD2966C4B0
[LOG] SystemI::createSoundInternal             : exinfo->fileuserdata       = 000001DBC6B54A68
[LOG] SystemI::createSoundInternal             : exinfo->initialseekpostype = 1
[LOG] SystemI::DSPCodecPoolRegister            : register codec pool for pool type 5
[LOG] SystemI::createSoundInternal             : Sample 0/1: name='footsteps-grass-001', format=2, channels=2, frequency=48000, lengthbytes=4640, lengthpcm=22390, pcmblocksize=0, loopstart=0, loopend=0, mode=0x00000000, channelmask=0x00000000, channelorder=0, peakvolume=0.042080.
[LOG] SystemI::createSoundInternal             : Create name='', mode=0x02000202
[LOG] SystemI::createSoundInternal             : exinfo->cbsize             = 224
[LOG] SystemI::createSoundInternal             : exinfo->length             = 1809600
[LOG] SystemI::createSoundInternal             : exinfo->fileoffset         = 51136
[LOG] SystemI::createSoundInternal             : exinfo->numsubsounds       = 1
[LOG] SystemI::createSoundInternal             : exinfo->inclusionlist      = 00000010136EEE2C
[LOG] SystemI::createSoundInternal             : exinfo->inclusionlistnum   = 1
[LOG] SystemI::createSoundInternal             : exinfo->suggestedsoundtype = 5
[LOG] SystemI::createSoundInternal             : exinfo->useropen           = 00007FFD2966C320
[LOG] SystemI::createSoundInternal             : exinfo->userclose          = 00007FFD2966C2F0
[LOG] SystemI::createSoundInternal             : exinfo->userread           = 00007FFD2966C3F0
[LOG] SystemI::createSoundInternal             : exinfo->userseek           = 00007FFD2966C4B0
[LOG] SystemI::createSoundInternal             : exinfo->fileuserdata       = 000001DBC6B54A68
[LOG] SystemI::createSoundInternal             : exinfo->initialseekpostype = 1
[LOG] SystemI::DSPCodecPoolRegister            : register codec pool for pool type 5
[LOG] SystemI::createSoundInternal             : Sample 0/1: name='footsteps-grass-003', format=2, channels=2, frequency=48000, lengthbytes=5376, lengthpcm=24928, pcmblocksize=0, loopstart=0, loopend=0, mode=0x00000000, channelmask=0x00000000, channelorder=0, peakvolume=0.052609.
[LOG] SystemI::createSoundInternal             : Create name='', mode=0x02000202
[LOG] SystemI::createSoundInternal             : exinfo->cbsize             = 224
[LOG] SystemI::createSoundInternal             : exinfo->length             = 1809600
[LOG] SystemI::createSoundInternal             : exinfo->fileoffset         = 51136
[LOG] SystemI::createSoundInternal             : exinfo->numsubsounds       = 1
[LOG] SystemI::createSoundInternal             : exinfo->inclusionlist      = 00000010136EEE2C
[LOG] SystemI::createSoundInternal             : exinfo->inclusionlistnum   = 1
[LOG] SystemI::createSoundInternal             : exinfo->suggestedsoundtype = 5
[LOG] SystemI::createSoundInternal             : exinfo->useropen           = 00007FFD2966C320
[LOG] SystemI::createSoundInternal             : exinfo->userclose          = 00007FFD2966C2F0
[LOG] SystemI::createSoundInternal             : exinfo->userread           = 00007FFD2966C3F0
[LOG] SystemI::createSoundInternal             : exinfo->userseek           = 00007FFD2966C4B0
[LOG] SystemI::createSoundInternal             : exinfo->fileuserdata       = 000001DBC6B54A68
[LOG] SystemI::createSoundInternal             : exinfo->initialseekpostype = 1
[LOG] SystemI::DSPCodecPoolRegister            : register codec pool for pool type 5
[LOG] SystemI::createSoundInternal             : Sample 0/1: name='footsteps-grass-002', format=2, channels=2, frequency=48000, lengthbytes=4864, lengthpcm=23349, pcmblocksize=0, loopstart=0, loopend=0, mode=0x00000000, channelmask=0x00000000, channelorder=0, peakvolume=0.040438.
[LOG] SoundI::release                          :  (000001DBB6EF1B38)
[LOG] SoundI::release                          :     footsteps-grass-001 (000001DBA3EAAB48)
[LOG] SoundI::release                          :  (000001DBB6EF19C8)
[LOG] SoundI::release                          :     footsteps-grass-002 (000001DBA3EAAE88)
[LOG] SoundI::release                          :  (000001DBB6EF1858)
[LOG] SoundI::release                          :     footsteps-grass-003 (000001DBA3EAACE8)
[LOG] SoundI::release                          :  (000001DBB6EF1408)
[LOG] SoundI::release                          :     footsteps-grass-004 (000001DBA3EAB028)
[LOG] Thread::callback                         : FMOD Studio bank load thread finished.
[LOG] Thread::callback                         : FMOD Studio sample load thread finished.
[LOG] LiveUpdate::release                      : 
[LOG] LiveUpdate::reset                        : Reset connection (reason Disconnected)
[LOG] Thread::callback                         : FMOD stream thread finished.
[LOG] Thread::callback                         : FMOD mixer thread finished.
[LOG] SystemI::close                           : Closed.
